12/30/2021 02:44:36 PM: INFO: **************** Test_001_Login *******************
12/30/2021 02:44:36 PM: INFO: **************** Verifying Home Page Title *******************
12/30/2021 02:44:43 PM: INFO: **************** Home Page Title test is passed *******************
12/30/2021 02:44:46 PM: INFO: **************** Verifying Login test *******************
12/30/2021 02:44:59 PM: INFO: **************** Login test is passed *******************
12/30/2021 03:03:31 PM: INFO: **************** Test_001_Login *******************
12/30/2021 03:03:31 PM: INFO: **************** Verifying Home Page Title *******************
12/30/2021 03:03:37 PM: INFO: **************** Home Page Title test is passed *******************
12/30/2021 03:03:39 PM: INFO: **************** Verifying Login test *******************
12/30/2021 03:03:49 PM: INFO: **************** Login test is passed *******************
12/30/2021 03:08:56 PM: INFO: **************** Test_001_Login *******************
12/30/2021 03:08:56 PM: INFO: **************** Verifying Home Page Title *******************
12/30/2021 03:09:02 PM: INFO: **************** Home Page Title test is passed *******************
12/30/2021 03:09:05 PM: INFO: **************** Verifying Login test *******************
12/30/2021 03:09:14 PM: INFO: **************** Login test is passed *******************
12/30/2021 03:09:28 PM: INFO: **************** Test_001_Login *******************
12/30/2021 03:09:28 PM: INFO: **************** Verifying Home Page Title *******************
12/30/2021 03:09:35 PM: INFO: **************** Home Page Title test is passed *******************
12/30/2021 03:09:37 PM: INFO: **************** Verifying Login test *******************
12/30/2021 03:09:49 PM: INFO: **************** Login test is passed *******************
12/30/2021 03:22:57 PM: INFO: **************** Verifying Login test *******************
12/30/2021 03:22:57 PM: INFO: **************** Test_001_Login *******************
12/30/2021 03:22:57 PM: INFO: **************** Verifying Home Page Title *******************
12/30/2021 03:23:04 PM: INFO: **************** Home Page Title test is passed *******************
12/30/2021 03:23:11 PM: INFO: **************** Login test is passed *******************
12/30/2021 03:43:23 PM: INFO: **************** Test_001_Login *******************
12/30/2021 03:43:23 PM: INFO: **************** Verifying Home Page Title *******************
12/30/2021 03:43:23 PM: INFO: **************** Verifying Login test *******************
12/30/2021 03:43:33 PM: INFO: **************** Home Page Title test is passed *******************
12/30/2021 03:43:39 PM: INFO: **************** Login test is passed *******************
